2025-11-23T18:14:23.9423805Z Container start method called.
2025-11-23T18:14:23.9466193Z Establishing network.
2025-11-23T18:14:23.9471273Z Pulling image: appsvc/node:20-lts_20251016.4.tuxprod.
2025-11-23T18:14:24.1779642Z Container is starting.
2025-11-23T18:14:24.1781895Z Establishing user namespace if not established already.
2025-11-23T18:14:24.1784853Z Establishing network if not established already.
2025-11-23T18:14:24.1786229Z Mounting volumes.
2025-11-23T18:14:24.1803979Z Nested mountpoint 
2025-11-23T18:14:24.1820618Z Nested mountpoint volatile/logs
2025-11-23T18:14:24.1895677Z Nested mountpoint 
2025-11-23T18:14:24.1967325Z Nested mountpoint 
2025-11-23T18:14:24.1978503Z Nested mountpoint 
2025-11-23T18:14:24.7157615Z Creating container.
2025-11-23T18:14:24.7161292Z Creating pipes for streaming container io.
2025-11-23T18:14:24.7165882Z Creating stdout named pipe at /podr/container/pipe/09cb79610972_chai-social-cash-app/stdout_bb40d0de297046a78821015ed375a061.
2025-11-23T18:14:24.7172427Z Successfully created stdout named pipe at: /podr/container/pipe/09cb79610972_chai-social-cash-app/stdout_bb40d0de297046a78821015ed375a061.
2025-11-23T18:14:24.7175566Z Opening named pipe /podr/container/pipe/09cb79610972_chai-social-cash-app/stdout_bb40d0de297046a78821015ed375a061 for reading in non-blocking mode.
2025-11-23T18:14:24.7178223Z Successfully opened named pipe: /podr/container/pipe/09cb79610972_chai-social-cash-app/stdout_bb40d0de297046a78821015ed375a061.
2025-11-23T18:14:24.7182643Z Successfully removed non-blocking flag from /podr/container/pipe/09cb79610972_chai-social-cash-app/stdout_bb40d0de297046a78821015ed375a061.
2025-11-23T18:14:24.7184768Z Creating stderr named pipe at /podr/container/pipe/09cb79610972_chai-social-cash-app/stderr_e7551401d8ef4621a19ee52048378ec7.
2025-11-23T18:14:24.7200772Z Successfully created stderr named pipe at: /podr/container/pipe/09cb79610972_chai-social-cash-app/stderr_e7551401d8ef4621a19ee52048378ec7.
2025-11-23T18:14:24.7203884Z Opening named pipe /podr/container/pipe/09cb79610972_chai-social-cash-app/stderr_e7551401d8ef4621a19ee52048378ec7 for reading in non-blocking mode.
2025-11-23T18:14:24.7207212Z Successfully opened named pipe: /podr/container/pipe/09cb79610972_chai-social-cash-app/stderr_e7551401d8ef4621a19ee52048378ec7.
2025-11-23T18:14:24.7212083Z Successfully removed non-blocking flag from /podr/container/pipe/09cb79610972_chai-social-cash-app/stderr_e7551401d8ef4621a19ee52048378ec7.
2025-11-23T18:14:24.7222261Z Creating container with image: appsvc/node:20-lts_20251016.4.tuxprod from registry: 10.1.0.4:13209 and fully qualified image name: 10.1.0.4:13209/appsvc/node:20-lts_20251016.4.tuxprod
2025-11-23T18:14:25.1385021Z Starting container: 09cb79610972_chai-social-cash-app.
2025-11-23T18:14:25.1869294Z Starting watchers and probes.
2025-11-23T18:14:25.1900030Z Starting metrics collection.
2025-11-23T18:14:25.1903759Z Container is running.
2025-11-23T18:14:25.3178064Z Container start method finished after 1360 ms.
2025-11-23T18:15:04.9583362Z Container has finished running with exit code: 1.
2025-11-23T18:15:04.9651015Z Container is terminating. Grace period: 5 seconds.
2025-11-23T18:15:04.9752895Z Stop and delete container. Retry count = 0
2025-11-23T18:15:04.9809150Z Stopping container: 09cb79610972_chai-social-cash-app.
2025-11-23T18:15:05.0263622Z Deleting container: 09cb79610972_chai-social-cash-app. Retry count = 0
2025-11-23T18:15:05.6135191Z Container spec TerminationMessagePolicy  path 
2025-11-23T18:15:05.6215204Z Container is terminated. Total time elapsed: 652 ms.
2025-11-23T18:15:05.6241047Z Site container: chai-social-cash-app terminated during site startup.
2025-11-23T18:15:05.6759930Z Site startup probe failed after 40.2605775 seconds.
2025-11-23T18:15:06.1470466Z Failed to start site. Revert by stopping site.
2025-11-23T18:15:06.1658680Z Site: chai-social-cash-app stopped.
2025-11-23T18:15:16.644Z INFO  - 20-lts_20251016.4.tuxprod Pulling from appsvc/node
2025-11-23T18:15:16.753Z INFO  - c6b11972fd12 Pulling fs layer
2025-11-23T18:15:16.757Z INFO  - e2de071b945f Pulling fs layer
2025-11-23T18:15:16.758Z INFO  - ec95c0f17656 Pulling fs layer
2025-11-23T18:15:16.759Z INFO  - 466dbb61272e Pulling fs layer
2025-11-23T18:15:16.759Z INFO  - b90100a54c33 Pulling fs layer
2025-11-23T18:15:16.759Z INFO  - db667eb6a215 Pulling fs layer
2025-11-23T18:15:16.759Z INFO  - 1d68c959db08 Pulling fs layer
2025-11-23T18:15:16.759Z INFO  - 4162a85e6a99 Pulling fs layer
2025-11-23T18:15:16.760Z INFO  - 2035233ddd52 Pulling fs layer
2025-11-23T18:15:16.760Z INFO  - a9571099cab5 Pulling fs layer
2025-11-23T18:15:16.766Z INFO  - 662a633d5b17 Pulling fs layer
2025-11-23T18:15:16.766Z INFO  - 7904759a99e2 Pulling fs layer
2025-11-23T18:15:16.768Z INFO  - 26fd0ea5e193 Pulling fs layer
2025-11-23T18:15:16.774Z INFO  - f3d6acb78f3e Pulling fs layer
2025-11-23T18:15:16.774Z INFO  - 0c9422ccc7d4 Pulling fs layer
2025-11-23T18:15:16.776Z INFO  - bff0b1a6107c Pulling fs layer
2025-11-23T18:15:16.776Z INFO  - c10eb7f3ae42 Pulling fs layer
2025-11-23T18:15:16.776Z INFO  - 1b0937ba9692 Pulling fs layer
2025-11-23T18:15:16.776Z INFO  - 4f4fb700ef54 Pulling fs layer
2025-11-23T18:15:16.777Z INFO  - ee5e2a61e93f Pulling fs layer
2025-11-23T18:15:16.777Z INFO  - a299d250ab97 Pulling fs layer
2025-11-23T18:15:16.777Z INFO  - 2e5f19d50c40 Pulling fs layer
2025-11-23T18:15:16.777Z INFO  - 94d31f795579 Pulling fs layer
2025-11-23T18:15:16.778Z INFO  - 18c70f6ed5b8 Pulling fs layer
2025-11-23T18:15:16.778Z INFO  - fb49480510c1 Pulling fs layer
2025-11-23T18:15:16.778Z INFO  - 5cb83091061e Pulling fs layer
2025-11-23T18:15:16.778Z INFO  - 618cb520b534 Pulling fs layer
2025-11-23T18:15:16.778Z INFO  - b387b0839a3c Pulling fs layer
2025-11-23T18:15:16.778Z INFO  - befb3b667a4a Pulling fs layer
2025-11-23T18:15:16.778Z INFO  - c98fb0ee9c52 Pulling fs layer
2025-11-23T18:15:16.778Z INFO  - fed34a6cff95 Pulling fs layer
2025-11-23T18:15:16.778Z INFO  - 52ac776e496e Pulling fs layer
2025-11-23T18:15:16.778Z INFO  - ed277ae6cc1b Pulling fs layer
2025-11-23T18:15:16.778Z INFO  - f00d066ab48f Pulling fs layer
2025-11-23T18:15:16.778Z INFO  - 84db54845b1f Pulling fs layer
2025-11-23T18:15:16.778Z INFO  - 209af07e1fed Pulling fs layer
2025-11-23T18:15:16.778Z INFO  - f359ae97a578 Pulling fs layer
2025-11-23T18:15:16.778Z INFO  - 12ae792aadc1 Pulling fs layer
2025-11-23T18:15:16.779Z INFO  - 101f3a4877dc Pulling fs layer
2025-11-23T18:15:16.779Z INFO  - 49304a106933 Pulling fs layer
2025-11-23T18:15:16.779Z INFO  - c59bd29a4737 Pulling fs layer
2025-11-23T18:15:16.779Z INFO  - 6f0a6c0887e0 Pulling fs layer
2025-11-23T18:15:16.838Z INFO  - b90100a54c33 Downloading 131B / 131B
2025-11-23T18:15:16.839Z INFO  - a299d250ab97 Waiting
2025-11-23T18:15:16.839Z INFO  - 2e5f19d50c40 Waiting
2025-11-23T18:15:16.839Z INFO  - 94d31f795579 Waiting
2025-11-23T18:15:16.839Z INFO  - 18c70f6ed5b8 Waiting
2025-11-23T18:15:16.839Z INFO  - fb49480510c1 Waiting
2025-11-23T18:15:16.839Z INFO  - 5cb83091061e Waiting
2025-11-23T18:15:16.839Z INFO  - 618cb520b534 Waiting
2025-11-23T18:15:16.839Z INFO  - b387b0839a3c Waiting
2025-11-23T18:15:16.839Z INFO  - befb3b667a4a Waiting
2025-11-23T18:15:16.839Z INFO  - c98fb0ee9c52 Waiting
2025-11-23T18:15:16.839Z INFO  - fed34a6cff95 Waiting
2025-11-23T18:15:16.839Z INFO  - 52ac776e496e Waiting
2025-11-23T18:15:16.839Z INFO  - ed277ae6cc1b Waiting
2025-11-23T18:15:16.839Z INFO  - f00d066ab48f Waiting
2025-11-23T18:15:16.839Z INFO  - 84db54845b1f Waiting
2025-11-23T18:15:16.839Z INFO  - 209af07e1fed Waiting
2025-11-23T18:15:16.840Z INFO  - f359ae97a578 Waiting
2025-11-23T18:15:16.840Z INFO  - 12ae792aadc1 Waiting
2025-11-23T18:15:16.840Z INFO  - 101f3a4877dc Waiting
2025-11-23T18:15:16.840Z INFO  - 49304a106933 Waiting
2025-11-23T18:15:16.840Z INFO  - c59bd29a4737 Waiting
2025-11-23T18:15:16.840Z INFO  - 6f0a6c0887e0 Waiting
2025-11-23T18:15:16.840Z INFO  - 466dbb61272e Downloading 385B / 385B
2025-11-23T18:15:16.840Z INFO  - b90100a54c33 Verifying Checksum
2025-11-23T18:15:16.840Z INFO  - b90100a54c33 Download complete
2025-11-23T18:15:16.840Z INFO  - 466dbb61272e Verifying Checksum
2025-11-23T18:15:16.840Z INFO  - 466dbb61272e Download complete
2025-11-23T18:15:16.840Z INFO  - 2035233ddd52 Downloading 187B / 187B
2025-11-23T18:15:16.840Z INFO  - 2035233ddd52 Verifying Checksum
2025-11-23T18:15:16.840Z INFO  - 2035233ddd52 Download complete
2025-11-23T18:15:16.939Z INFO  - 4162a85e6a99 Downloading 35KB / 420KB
2025-11-23T18:15:16.940Z INFO  - 1d68c959db08 Downloading 2KB / 2KB
2025-11-23T18:15:16.940Z INFO  - 1d68c959db08 Verifying Checksum
2025-11-23T18:15:16.940Z INFO  - 1d68c959db08 Download complete
2025-11-23T18:15:17.028Z INFO  - 7904759a99e2 Downloading 3KB / 12KB
2025-11-23T18:15:17.028Z INFO  - c10eb7f3ae42 Downloading 35KB / 1MB
2025-11-23T18:15:17.028Z INFO  - a9571099cab5 Downloading 35KB / 1MB
2025-11-23T18:15:17.028Z INFO  - 7904759a99e2 Downloading 12KB / 12KB
2025-11-23T18:15:17.028Z INFO  - 662a633d5b17 Downloading 39KB / 39KB
2025-11-23T18:15:17.028Z INFO  - 26fd0ea5e193 Downloading 14KB / 14KB
2025-11-23T18:15:17.028Z INFO  - 0c9422ccc7d4 Downloading 10KB / 10KB
2025-11-23T18:15:17.028Z INFO  - 7904759a99e2 Verifying Checksum
2025-11-23T18:15:17.028Z INFO  - 7904759a99e2 Download complete
2025-11-23T18:15:17.028Z INFO  - 662a633d5b17 Verifying Checksum
2025-11-23T18:15:17.028Z INFO  - 662a633d5b17 Download complete
2025-11-23T18:15:17.028Z INFO  - 0c9422ccc7d4 Verifying Checksum
2025-11-23T18:15:17.028Z INFO  - 0c9422ccc7d4 Download complete
2025-11-23T18:15:17.029Z INFO  - 26fd0ea5e193 Verifying Checksum
2025-11-23T18:15:17.029Z INFO  - 26fd0ea5e193 Download complete
2025-11-23T18:15:17.029Z INFO  - 1b0937ba9692 Download complete
2025-11-23T18:15:17.029Z INFO  - 4162a85e6a99 Downloading 67KB / 420KB
2025-11-23T18:15:17.029Z INFO  - f3d6acb78f3e Downloading 124KB / 281KB
2025-11-23T18:15:17.029Z INFO  - db667eb6a215 Downloading 250KB / 250KB
2025-11-23T18:15:17.029Z INFO  - 4162a85e6a99 Downloading 420KB / 420KB
2025-11-23T18:15:17.029Z INFO  - f3d6acb78f3e Downloading 281KB / 281KB
2025-11-23T18:15:17.029Z INFO  - 4162a85e6a99 Verifying Checksum
2025-11-23T18:15:17.029Z INFO  - 4162a85e6a99 Download complete
2025-11-23T18:15:17.029Z INFO  - f3d6acb78f3e Verifying Checksum
2025-11-23T18:15:17.030Z INFO  - f3d6acb78f3e Download complete
2025-11-23T18:15:17.035Z INFO  - 4f4fb700ef54 Downloading 32B / 32B
2025-11-23T18:15:17.044Z INFO  - db667eb6a215 Verifying Checksum
2025-11-23T18:15:17.045Z INFO  - db667eb6a215 Download complete
2025-11-23T18:15:17.064Z INFO  - 18c70f6ed5b8 Downloading 125B / 125B
2025-11-23T18:15:17.064Z INFO  - 4f4fb700ef54 Verifying Checksum
2025-11-23T18:15:17.064Z INFO  - 4f4fb700ef54 Download complete
2025-11-23T18:15:17.064Z INFO  - 18c70f6ed5b8 Verifying Checksum
2025-11-23T18:15:17.064Z INFO  - 18c70f6ed5b8 Download complete
2025-11-23T18:15:17.064Z INFO  - ec95c0f17656 Downloading 970KB / 3MB
2025-11-23T18:15:17.131Z INFO  - bff0b1a6107c Downloading 35KB / 1MB
2025-11-23T18:15:17.370Z INFO  - c6b11972fd12 Downloading 1MB / 46MB
2025-11-23T18:15:17.370Z INFO  - 2e5f19d50c40 Downloading 252KB / 11MB
2025-11-23T18:15:17.370Z INFO  - b387b0839a3c Downloading 138B / 138B
2025-11-23T18:15:17.370Z INFO  - b387b0839a3c Verifying Checksum
2025-11-23T18:15:17.370Z INFO  - b387b0839a3c Download complete
2025-11-23T18:15:17.371Z INFO  - fed34a6cff95 Downloading 1KB / 1KB
2025-11-23T18:15:17.371Z INFO  - a9571099cab5 Downloading 534KB / 1MB
2025-11-23T18:15:17.371Z INFO  - c98fb0ee9c52 Downloading 1KB / 1KB
2025-11-23T18:15:17.371Z INFO  - 5cb83091061e Downloading 947B / 947B
2025-11-23T18:15:17.371Z INFO  - 618cb520b534 Downloading 1KB / 1KB
2025-11-23T18:15:17.373Z INFO  - ed277ae6cc1b Downloading 152B / 152B
2025-11-23T18:15:17.376Z INFO  - f00d066ab48f Downloading 3KB / 13KB
2025-11-23T18:15:17.415Z INFO  - fed34a6cff95 Download complete
2025-11-23T18:15:17.415Z INFO  - ee5e2a61e93f Downloading 956KB / 44MB
2025-11-23T18:15:17.470Z INFO  - befb3b667a4a Downloading 538KB / 67MB
2025-11-23T18:15:17.470Z INFO  - 618cb520b534 Verifying Checksum
2025-11-23T18:15:17.470Z INFO  - 618cb520b534 Download complete
2025-11-23T18:15:17.470Z INFO  - 5cb83091061e Download complete
2025-11-23T18:15:17.470Z INFO  - f00d066ab48f Download complete
2025-11-23T18:15:17.471Z INFO  - c98fb0ee9c52 Verifying Checksum
2025-11-23T18:15:17.471Z INFO  - c98fb0ee9c52 Download complete
2025-11-23T18:15:17.471Z INFO  - ed277ae6cc1b Verifying Checksum
2025-11-23T18:15:17.471Z INFO  - ed277ae6cc1b Download complete
2025-11-23T18:15:17.471Z INFO  - 94d31f795579 Downloading 380KB / 16MB
2025-11-23T18:15:17.472Z INFO  - 52ac776e496e Download complete
2025-11-23T18:15:17.574Z INFO  - c10eb7f3ae42 Downloading 585KB / 1MB
2025-11-23T18:15:17.582Z INFO  - c6b11972fd12 Downloading 2MB / 46MB
2025-11-23T18:15:17.582Z INFO  - 2e5f19d50c40 Downloading 1MB / 11MB
2025-11-23T18:15:17.582Z INFO  - a9571099cab5 Downloading 1MB / 1MB
2025-11-23T18:15:17.582Z INFO  - a9571099cab5 Verifying Checksum
2025-11-23T18:15:17.582Z INFO  - a9571099cab5 Download complete
2025-11-23T18:15:18.012Z INFO  - ec95c0f17656 Downloading 1MB / 3MB
2025-11-23T18:15:18.013Z INFO  - e2de071b945f Downloading 726KB / 34MB
2025-11-23T18:15:18.013Z INFO  - 94d31f795579 Downloading 1MB / 16MB
2025-11-23T18:15:18.013Z INFO  - 94d31f795579 Downloading 1MB / 16MB
2025-11-23T18:15:18.013Z INFO  - bff0b1a6107c Downloading 766KB / 1MB
2025-11-23T18:15:18.013Z INFO  - ee5e2a61e93f Downloading 1MB / 44MB
2025-11-23T18:15:18.013Z INFO  - 209af07e1fed Downloading 270B / 270B
2025-11-23T18:15:18.013Z INFO  - c6b11972fd12 Downloading 3MB / 46MB
2025-11-23T18:15:18.013Z INFO  - fb49480510c1 Downloading 926KB / 6MB
2025-11-23T18:15:18.013Z INFO  - f359ae97a578 Downloading 269B / 269B
2025-11-23T18:15:18.013Z INFO  - 12ae792aadc1 Downloading 124B / 124B
2025-11-23T18:15:18.015Z INFO  - c10eb7f3ae42 Downloading 713KB / 1MB
2025-11-23T18:15:18.026Z INFO  - 101f3a4877dc Downloading 418B / 418B
2025-11-23T18:15:18.027Z INFO  - 84db54845b1f Downloading 1KB / 1KB
2025-11-23T18:15:18.027Z INFO  - 101f3a4877dc Verifying Checksum
2025-11-23T18:15:18.027Z INFO  - 101f3a4877dc Download complete
2025-11-23T18:15:18.027Z INFO  - 84db54845b1f Verifying Checksum
2025-11-23T18:15:18.027Z INFO  - 84db54845b1f Download complete
2025-11-23T18:15:18.027Z INFO  - 209af07e1fed Verifying Checksum
2025-11-23T18:15:18.027Z INFO  - 209af07e1fed Download complete
2025-11-23T18:15:18.027Z INFO  - f359ae97a578 Verifying Checksum
2025-11-23T18:15:18.027Z INFO  - f359ae97a578 Download complete
2025-11-23T18:15:18.027Z INFO  - 12ae792aadc1 Verifying Checksum
2025-11-23T18:15:18.027Z INFO  - 12ae792aadc1 Download complete
2025-11-23T18:15:18.088Z INFO  - 6f0a6c0887e0 Downloading 132B / 132B
2025-11-23T18:15:18.088Z INFO  - 49304a106933 Download complete
2025-11-23T18:15:18.088Z INFO  - 6f0a6c0887e0 Verifying Checksum
2025-11-23T18:15:18.088Z INFO  - 6f0a6c0887e0 Download complete
2025-11-23T18:15:18.130Z INFO  - 2e5f19d50c40 Downloading 2MB / 11MB
2025-11-23T18:15:18.147Z INFO  - c10eb7f3ae42 Downloading 1MB / 1MB
2025-11-23T18:15:18.147Z INFO  - c10eb7f3ae42 Verifying Checksum
2025-11-23T18:15:18.147Z INFO  - c10eb7f3ae42 Download complete
2025-11-23T18:15:18.147Z INFO  - bff0b1a6107c Downloading 830KB / 1MB
2025-11-23T18:15:18.147Z INFO  - befb3b667a4a Downloading 1MB / 67MB
2025-11-23T18:15:18.382Z INFO  - bff0b1a6107c Verifying Checksum
2025-11-23T18:15:18.383Z INFO  - bff0b1a6107c Download complete
2025-11-23T18:15:18.385Z INFO  - ec95c0f17656 Downloading 1MB / 3MB
2025-11-23T18:15:18.386Z INFO  - a299d250ab97 Downloading 1MB / 46MB
2025-11-23T18:15:18.414Z INFO  - fb49480510c1 Downloading 3MB / 6MB
2025-11-23T18:15:18.429Z INFO  - ec95c0f17656 Downloading 2MB / 3MB
2025-11-23T18:15:18.499Z INFO  - fb49480510c1 Downloading 4MB / 6MB
2025-11-23T18:15:18.641Z INFO  - e2de071b945f Downloading 2MB / 34MB
2025-11-23T18:15:18.641Z INFO  - ec95c0f17656 Verifying Checksum
2025-11-23T18:15:18.641Z INFO  - ec95c0f17656 Download complete
2025-11-23T18:15:18.641Z INFO  - 94d31f795579 Downloading 2MB / 16MB
2025-11-23T18:15:18.641Z INFO  - c59bd29a4737 Downloading 594KB / 1MB
2025-11-23T18:15:18.641Z INFO  - ee5e2a61e93f Downloading 5MB / 44MB
2025-11-23T18:15:18.684Z INFO  - c59bd29a4737 Downloading 754KB / 1MB
2025-11-23T18:15:18.684Z INFO  - 2e5f19d50c40 Downloading 4MB / 11MB
2025-11-23T18:15:18.772Z INFO  - e2de071b945f Downloading 3MB / 34MB
2025-11-23T18:15:18.780Z INFO  - 94d31f795579 Downloading 2MB / 16MB
2025-11-23T18:15:18.809Z INFO  - 2e5f19d50c40 Downloading 4MB / 11MB
2025-11-23T18:15:18.872Z INFO  - ee5e2a61e93f Downloading 6MB / 44MB
2025-11-23T18:15:19.036Z INFO  - 94d31f795579 Downloading 4MB / 16MB
2025-11-23T18:15:19.038Z INFO  - c59bd29a4737 Verifying Checksum
2025-11-23T18:15:19.038Z INFO  - a299d250ab97 Downloading 3MB / 46MB
2025-11-23T18:15:19.087Z INFO  - c59bd29a4737 Download complete
2025-11-23T18:15:19.125Z INFO  - fb49480510c1 Downloading 5MB / 6MB
2025-11-23T18:15:19.206Z INFO  - ee5e2a61e93f Downloading 8MB / 44MB
2025-11-23T18:15:19.211Z INFO  - befb3b667a4a Downloading 9MB / 67MB
2025-11-23T18:15:19.213Z INFO  - c6b11972fd12 Downloading 9MB / 46MB
2025-11-23T18:15:19.264Z INFO  - 94d31f795579 Downloading 6MB / 16MB
2025-11-23T18:15:19.264Z INFO  - fb49480510c1 Verifying Checksum
2025-11-23T18:15:19.265Z INFO  - fb49480510c1 Download complete
2025-11-23T18:15:19.381Z INFO  - e2de071b945f Downloading 5MB / 34MB
2025-11-23T18:15:19.383Z INFO  - befb3b667a4a Downloading 11MB / 67MB
2025-11-23T18:15:19.396Z INFO  - a299d250ab97 Downloading 4MB / 46MB
2025-11-23T18:15:19.417Z INFO  - c6b11972fd12 Downloading 10MB / 46MB
2025-11-23T18:15:19.417Z INFO  - 2e5f19d50c40 Downloading 6MB / 11MB
2025-11-23T18:15:19.435Z INFO  - 94d31f795579 Downloading 7MB / 16MB
2025-11-23T18:15:19.460Z INFO  - ee5e2a61e93f Downloading 9MB / 44MB
2025-11-23T18:15:19.487Z INFO  - e2de071b945f Downloading 6MB / 34MB
2025-11-23T18:15:19.497Z INFO  - a299d250ab97 Downloading 5MB / 46MB
2025-11-23T18:15:19.634Z INFO  - 2e5f19d50c40 Downloading 7MB / 11MB
2025-11-23T18:15:19.635Z INFO  - 94d31f795579 Downloading 7MB / 16MB
2025-11-23T18:15:19.838Z INFO  - befb3b667a4a Downloading 13MB / 67MB
2025-11-23T18:15:19.967Z INFO  - ee5e2a61e93f Downloading 14MB / 44MB
2025-11-23T18:15:20.004Z INFO  - 94d31f795579 Downloading 8MB / 16MB
2025-11-23T18:15:20.043Z INFO  - e2de071b945f Downloading 7MB / 34MB
2025-11-23T18:15:20.118Z INFO  - befb3b667a4a Downloading 14MB / 67MB
2025-11-23T18:15:20.230Z INFO  - c6b11972fd12 Downloading 14MB / 46MB
2025-11-23T18:15:20.274Z INFO  - 94d31f795579 Downloading 9MB / 16MB
2025-11-23T18:15:20.279Z INFO  - befb3b667a4a Downloading 15MB / 67MB
2025-11-23T18:15:20.282Z INFO  - 2e5f19d50c40 Verifying Checksum
2025-11-23T18:15:20.321Z INFO  - 2e5f19d50c40 Download complete
2025-11-23T18:15:20.335Z INFO  - a299d250ab97 Downloading 9MB / 46MB
2025-11-23T18:15:20.335Z INFO  - ee5e2a61e93f Downloading 18MB / 44MB
2025-11-23T18:15:20.387Z INFO  - befb3b667a4a Downloading 16MB / 67MB
2025-11-23T18:15:20.584Z INFO  - ee5e2a61e93f Downloading 21MB / 44MB
2025-11-23T18:15:20.657Z INFO  - befb3b667a4a Downloading 21MB / 67MB
2025-11-23T18:15:20.671Z INFO  - a299d250ab97 Downloading 17MB / 46MB
2025-11-23T18:15:20.689Z INFO  - ee5e2a61e93f Downloading 25MB / 44MB
2025-11-23T18:15:20.760Z INFO  - 94d31f795579 Verifying Checksum
2025-11-23T18:15:20.760Z INFO  - 94d31f795579 Download complete
2025-11-23T18:15:20.785Z INFO  - befb3b667a4a Downloading 24MB / 67MB
2025-11-23T18:15:20.815Z INFO  - a299d250ab97 Downloading 19MB / 46MB
2025-11-23T18:15:20.867Z INFO  - c6b11972fd12 Downloading 30MB / 46MB
2025-11-23T18:15:20.977Z INFO  - c6b11972fd12 Downloading 30MB / 46MB
2025-11-23T18:15:20.977Z INFO  - ee5e2a61e93f Downloading 29MB / 44MB
2025-11-23T18:15:21.103Z INFO  - c6b11972fd12 Downloading 33MB / 46MB
2025-11-23T18:15:21.103Z INFO  - a299d250ab97 Downloading 22MB / 46MB
2025-11-23T18:15:21.163Z INFO  - e2de071b945f Downloading 30MB / 34MB
2025-11-23T18:15:21.227Z INFO  - ee5e2a61e93f Downloading 30MB / 44MB
2025-11-23T18:15:21.227Z INFO  - a299d250ab97 Downloading 24MB / 46MB
2025-11-23T18:15:21.228Z INFO  - c6b11972fd12 Downloading 41MB / 46MB
2025-11-23T18:15:21.380Z INFO  - c6b11972fd12 Verifying Checksum
2025-11-23T18:15:21.380Z INFO  - c6b11972fd12 Download complete
2025-11-23T18:15:21.380Z INFO  - e2de071b945f Verifying Checksum
2025-11-23T18:15:21.380Z INFO  - e2de071b945f Download complete
2025-11-23T18:15:21.473Z INFO  - a299d250ab97 Downloading 28MB / 46MB
2025-11-23T18:15:21.567Z INFO  - ee5e2a61e93f Downloading 38MB / 44MB
2025-11-23T18:15:21.585Z INFO  - a299d250ab97 Downloading 29MB / 46MB
2025-11-23T18:15:21.638Z INFO  - ee5e2a61e93f Verifying Checksum
2025-11-23T18:15:21.639Z INFO  - ee5e2a61e93f Download complete
2025-11-23T18:15:21.684Z INFO  - befb3b667a4a Downloading 44MB / 67MB
2025-11-23T18:15:21.686Z INFO  - a299d250ab97 Downloading 39MB / 46MB
2025-11-23T18:15:21.810Z INFO  - a299d250ab97 Downloading 44MB / 46MB
2025-11-23T18:15:21.829Z INFO  - a299d250ab97 Verifying Checksum
2025-11-23T18:15:21.829Z INFO  - a299d250ab97 Download complete
2025-11-23T18:15:21.976Z INFO  - befb3b667a4a Verifying Checksum
2025-11-23T18:15:21.976Z INFO  - befb3b667a4a Download complete
2025-11-23T18:15:24.645Z INFO  - c6b11972fd12 Extracting 1MB / 46MB
2025-11-23T18:15:24.846Z INFO  - c6b11972fd12 Extracting 2MB / 46MB
2025-11-23T18:15:25.551Z INFO  - c6b11972fd12 Extracting 3MB / 46MB
2025-11-23T18:15:25.847Z INFO  - c6b11972fd12 Extracting 4MB / 46MB
2025-11-23T18:15:26.119Z INFO  - c6b11972fd12 Extracting 7MB / 46MB
2025-11-23T18:15:26.290Z INFO  - c6b11972fd12 Extracting 8MB / 46MB
2025-11-23T18:15:26.828Z INFO  - c6b11972fd12 Extracting 12MB / 46MB
2025-11-23T18:15:26.930Z INFO  - c6b11972fd12 Extracting 13MB / 46MB
2025-11-23T18:15:27.249Z INFO  - c6b11972fd12 Extracting 15MB / 46MB
2025-11-23T18:15:27.603Z INFO  - c6b11972fd12 Extracting 16MB / 46MB
2025-11-23T18:15:27.746Z INFO  - c6b11972fd12 Extracting 18MB / 46MB
2025-11-23T18:15:27.875Z INFO  - c6b11972fd12 Extracting 20MB / 46MB
2025-11-23T18:15:28.157Z INFO  - c6b11972fd12 Extracting 22MB / 46MB
2025-11-23T18:15:28.999Z INFO  - c6b11972fd12 Extracting 25MB / 46MB
2025-11-23T18:15:29.213Z INFO  - c6b11972fd12 Extracting 29MB / 46MB
2025-11-23T18:15:29.448Z INFO  - c6b11972fd12 Extracting 31MB / 46MB
2025-11-23T18:15:29.734Z INFO  - c6b11972fd12 Extracting 34MB / 46MB
2025-11-23T18:15:29.904Z INFO  - c6b11972fd12 Extracting 35MB / 46MB
2025-11-23T18:15:30.005Z INFO  - c6b11972fd12 Extracting 36MB / 46MB
2025-11-23T18:15:30.258Z INFO  - c6b11972fd12 Extracting 38MB / 46MB
2025-11-23T18:15:30.375Z INFO  - c6b11972fd12 Extracting 39MB / 46MB
2025-11-23T18:15:30.483Z INFO  - c6b11972fd12 Extracting 40MB / 46MB
2025-11-23T18:15:30.863Z INFO  - c6b11972fd12 Extracting 42MB / 46MB
2025-11-23T18:15:31.162Z INFO  - c6b11972fd12 Extracting 43MB / 46MB
2025-11-23T18:15:31.510Z INFO  - c6b11972fd12 Extracting 44MB / 46MB
2025-11-23T18:15:32.787Z INFO  - c6b11972fd12 Extracting 45MB / 46MB
2025-11-23T18:15:33.448Z INFO  - c6b11972fd12 Extracting 46MB / 46MB
2025-11-23T18:15:33.810Z INFO  - c6b11972fd12 Pull complete
2025-11-23T18:15:34.910Z INFO  - e2de071b945f Extracting 3MB / 34MB
2025-11-23T18:15:35.042Z INFO  - e2de071b945f Extracting 4MB / 34MB
2025-11-23T18:15:35.460Z INFO  - e2de071b945f Extracting 4MB / 34MB
2025-11-23T18:15:36.161Z INFO  - e2de071b945f Extracting 8MB / 34MB
2025-11-23T18:15:36.400Z INFO  - e2de071b945f Extracting 13MB / 34MB
2025-11-23T18:15:36.678Z INFO  - e2de071b945f Extracting 15MB / 34MB
2025-11-23T18:15:36.834Z INFO  - e2de071b945f Extracting 15MB / 34MB
2025-11-23T18:15:37.955Z INFO  - e2de071b945f Extracting 19MB / 34MB
2025-11-23T18:15:38.068Z INFO  - e2de071b945f Extracting 22MB / 34MB
2025-11-23T18:15:38.351Z INFO  - e2de071b945f Extracting 24MB / 34MB
2025-11-23T18:15:38.460Z INFO  - e2de071b945f Extracting 24MB / 34MB
2025-11-23T18:15:38.675Z INFO  - e2de071b945f Extracting 27MB / 34MB
2025-11-23T18:15:38.902Z INFO  - e2de071b945f Extracting 31MB / 34MB
2025-11-23T18:15:39.593Z INFO  - e2de071b945f Extracting 33MB / 34MB
2025-11-23T18:15:39.903Z INFO  - e2de071b945f Extracting 34MB / 34MB
2025-11-23T18:15:41.247Z INFO  - e2de071b945f Pull complete
2025-11-23T18:15:42.208Z INFO  - ec95c0f17656 Extracting 2MB / 3MB
2025-11-23T18:15:42.328Z INFO  - ec95c0f17656 Extracting 3MB / 3MB
2025-11-23T18:15:42.613Z INFO  - ec95c0f17656 Pull complete
2025-11-23T18:15:42.639Z INFO  - 466dbb61272e Extracting 385B / 385B
2025-11-23T18:15:43.008Z INFO  - 466dbb61272e Extracting 385B / 385B
2025-11-23T18:15:43.760Z INFO  - 466dbb61272e Pull complete
2025-11-23T18:15:43.927Z INFO  - b90100a54c33 Extracting 131B / 131B
2025-11-23T18:15:43.991Z INFO  - b90100a54c33 Extracting 131B / 131B
2025-11-23T18:15:44.310Z INFO  - b90100a54c33 Pull complete
2025-11-23T18:15:44.340Z INFO  - db667eb6a215 Extracting 32KB / 250KB
2025-11-23T18:15:44.381Z INFO  - db667eb6a215 Extracting 250KB / 250KB
2025-11-23T18:15:44.383Z INFO  - db667eb6a215 Extracting 250KB / 250KB
2025-11-23T18:15:44.805Z INFO  - db667eb6a215 Pull complete
2025-11-23T18:15:44.819Z INFO  - 1d68c959db08 Extracting 2KB / 2KB
2025-11-23T18:15:44.893Z INFO  - 1d68c959db08 Extracting 2KB / 2KB
2025-11-23T18:15:45.050Z INFO  - 1d68c959db08 Pull complete
2025-11-23T18:15:45.316Z INFO  - 4162a85e6a99 Extracting 420KB / 420KB
2025-11-23T18:15:45.336Z INFO  - 4162a85e6a99 Extracting 420KB / 420KB
2025-11-23T18:15:45.752Z INFO  - 4162a85e6a99 Pull complete
2025-11-23T18:15:45.771Z INFO  - 2035233ddd52 Extracting 187B / 187B
2025-11-23T18:15:45.804Z INFO  - 2035233ddd52 Extracting 187B / 187B
2025-11-23T18:15:46.133Z INFO  - 2035233ddd52 Pull complete
2025-11-23T18:15:46.316Z INFO  - a9571099cab5 Extracting 32KB / 1MB
2025-11-23T18:15:46.429Z INFO  - a9571099cab5 Extracting 1MB / 1MB
2025-11-23T18:15:46.669Z INFO  - a9571099cab5 Pull complete
2025-11-23T18:15:46.708Z INFO  - 662a633d5b17 Extracting 32KB / 39KB
2025-11-23T18:15:46.799Z INFO  - 662a633d5b17 Extracting 39KB / 39KB
2025-11-23T18:15:46.832Z INFO  - 662a633d5b17 Extracting 39KB / 39KB
2025-11-23T18:15:46.946Z INFO  - 662a633d5b17 Pull complete
2025-11-23T18:15:46.968Z INFO  - 7904759a99e2 Extracting 12KB / 12KB
2025-11-23T18:15:47.014Z INFO  - 7904759a99e2 Extracting 12KB / 12KB
2025-11-23T18:15:47.368Z INFO  - 7904759a99e2 Pull complete
2025-11-23T18:15:47.414Z INFO  - 26fd0ea5e193 Extracting 14KB / 14KB
2025-11-23T18:15:47.495Z INFO  - 26fd0ea5e193 Extracting 14KB / 14KB
2025-11-23T18:15:47.884Z INFO  - 26fd0ea5e193 Pull complete
2025-11-23T18:15:48.055Z INFO  - f3d6acb78f3e Extracting 281KB / 281KB
2025-11-23T18:15:48.065Z INFO  - f3d6acb78f3e Extracting 281KB / 281KB
2025-11-23T18:15:48.183Z INFO  - f3d6acb78f3e Pull complete
2025-11-23T18:15:48.210Z INFO  - 0c9422ccc7d4 Extracting 10KB / 10KB
2025-11-23T18:15:48.465Z INFO  - 0c9422ccc7d4 Extracting 10KB / 10KB
2025-11-23T18:15:48.982Z INFO  - 0c9422ccc7d4 Pull complete
2025-11-23T18:15:49.008Z INFO  - bff0b1a6107c Extracting 32KB / 1MB
2025-11-23T18:15:49.085Z INFO  - bff0b1a6107c Extracting 1MB / 1MB
2025-11-23T18:15:49.405Z INFO  - bff0b1a6107c Pull complete
2025-11-23T18:15:49.425Z INFO  - c10eb7f3ae42 Extracting 32KB / 1MB
2025-11-23T18:15:49.680Z INFO  - c10eb7f3ae42 Extracting 1MB / 1MB
2025-11-23T18:15:49.824Z INFO  - c10eb7f3ae42 Pull complete
2025-11-23T18:15:49.872Z INFO  - 1b0937ba9692 Extracting 3KB / 3KB
2025-11-23T18:15:49.938Z INFO  - 1b0937ba9692 Extracting 3KB / 3KB
2025-11-23T18:15:50.089Z INFO  - 1b0937ba9692 Pull complete
2025-11-23T18:15:50.106Z INFO  - 4f4fb700ef54 Extracting 32B / 32B
2025-11-23T18:15:50.185Z INFO  - 4f4fb700ef54 Extracting 32B / 32B
2025-11-23T18:15:50.761Z INFO  - 4f4fb700ef54 Pull complete
2025-11-23T18:15:51.082Z INFO  - ee5e2a61e93f Extracting 3MB / 44MB
2025-11-23T18:15:51.286Z INFO  - ee5e2a61e93f Extracting 16MB / 44MB
2025-11-23T18:15:51.386Z INFO  - ee5e2a61e93f Extracting 19MB / 44MB
2025-11-23T18:15:51.486Z INFO  - ee5e2a61e93f Extracting 26MB / 44MB
2025-11-23T18:15:51.863Z INFO  - ee5e2a61e93f Extracting 30MB / 44MB
2025-11-23T18:15:52.207Z INFO  - ee5e2a61e93f Extracting 38MB / 44MB
2025-11-23T18:15:52.315Z INFO  - ee5e2a61e93f Extracting 44MB / 44MB
2025-11-23T18:15:53.275Z INFO  - ee5e2a61e93f Pull complete
2025-11-23T18:15:54.311Z INFO  - a299d250ab97 Extracting 2MB / 46MB
2025-11-23T18:15:54.421Z INFO  - a299d250ab97 Extracting 4MB / 46MB
2025-11-23T18:15:54.523Z INFO  - a299d250ab97 Extracting 6MB / 46MB
2025-11-23T18:15:54.627Z INFO  - a299d250ab97 Extracting 9MB / 46MB
2025-11-23T18:15:54.743Z INFO  - a299d250ab97 Extracting 12MB / 46MB
2025-11-23T18:15:55.062Z INFO  - a299d250ab97 Extracting 18MB / 46MB
2025-11-23T18:15:55.174Z INFO  - a299d250ab97 Extracting 21MB / 46MB
2025-11-23T18:15:56.002Z INFO  - a299d250ab97 Extracting 24MB / 46MB
2025-11-23T18:15:56.295Z INFO  - a299d250ab97 Extracting 26MB / 46MB
2025-11-23T18:15:56.802Z INFO  - a299d250ab97 Extracting 30MB / 46MB
2025-11-23T18:15:57.180Z INFO  - a299d250ab97 Extracting 33MB / 46MB
2025-11-23T18:15:57.752Z INFO  - a299d250ab97 Extracting 36MB / 46MB
2025-11-23T18:15:58.000Z INFO  - a299d250ab97 Extracting 37MB / 46MB
2025-11-23T18:15:58.216Z INFO  - a299d250ab97 Extracting 37MB / 46MB
2025-11-23T18:15:58.461Z INFO  - a299d250ab97 Extracting 38MB / 46MB
2025-11-23T18:15:58.887Z INFO  - a299d250ab97 Extracting 39MB / 46MB
2025-11-23T18:15:59.098Z INFO  - a299d250ab97 Extracting 40MB / 46MB
2025-11-23T18:15:59.795Z INFO  - a299d250ab97 Extracting 41MB / 46MB
2025-11-23T18:16:00.359Z INFO  - a299d250ab97 Extracting 42MB / 46MB
2025-11-23T18:16:00.661Z INFO  - a299d250ab97 Extracting 43MB / 46MB
2025-11-23T18:16:01.117Z INFO  - a299d250ab97 Extracting 44MB / 46MB
2025-11-23T18:16:01.898Z INFO  - a299d250ab97 Extracting 45MB / 46MB
2025-11-23T18:16:02.307Z INFO  - a299d250ab97 Extracting 46MB / 46MB
2025-11-23T18:16:03.626Z INFO  - a299d250ab97 Pull complete
2025-11-23T18:16:04.159Z INFO  - 2e5f19d50c40 Extracting 3MB / 11MB
2025-11-23T18:16:04.833Z INFO  - 2e5f19d50c40 Extracting 9MB / 11MB
2025-11-23T18:16:05.008Z INFO  - 2e5f19d50c40 Extracting 9MB / 11MB
2025-11-23T18:16:05.271Z INFO  - 2e5f19d50c40 Extracting 9MB / 11MB
2025-11-23T18:16:06.019Z INFO  - 2e5f19d50c40 Extracting 10MB / 11MB
2025-11-23T18:16:06.295Z INFO  - 2e5f19d50c40 Extracting 11MB / 11MB
2025-11-23T18:16:06.580Z INFO  - 2e5f19d50c40 Extracting 11MB / 11MB
2025-11-23T18:16:07.753Z INFO  - 2e5f19d50c40 Pull complete
2025-11-23T18:16:08.064Z INFO  - 94d31f795579 Extracting 1MB / 16MB
2025-11-23T18:16:08.419Z INFO  - 94d31f795579 Extracting 3MB / 16MB
2025-11-23T18:16:08.787Z INFO  - 94d31f795579 Extracting 7MB / 16MB
2025-11-23T18:16:09.520Z INFO  - 94d31f795579 Extracting 8MB / 16MB
2025-11-23T18:16:09.693Z INFO  - 94d31f795579 Extracting 9MB / 16MB
2025-11-23T18:16:10.008Z INFO  - 94d31f795579 Extracting 9MB / 16MB
2025-11-23T18:16:10.180Z INFO  - 94d31f795579 Extracting 9MB / 16MB
2025-11-23T18:16:10.313Z INFO  - 94d31f795579 Extracting 10MB / 16MB
2025-11-23T18:16:10.564Z INFO  - 94d31f795579 Extracting 10MB / 16MB
2025-11-23T18:16:10.991Z INFO  - 94d31f795579 Extracting 11MB / 16MB
2025-11-23T18:16:11.667Z INFO  - 94d31f795579 Extracting 11MB / 16MB
2025-11-23T18:16:12.059Z INFO  - 94d31f795579 Extracting 11MB / 16MB
2025-11-23T18:16:12.672Z INFO  - 94d31f795579 Extracting 13MB / 16MB
2025-11-23T18:16:13.112Z INFO  - 94d31f795579 Extracting 13MB / 16MB
2025-11-23T18:16:13.576Z INFO  - 94d31f795579 Extracting 14MB / 16MB
2025-11-23T18:16:13.742Z INFO  - 94d31f795579 Extracting 14MB / 16MB
2025-11-23T18:16:14.324Z INFO  - 94d31f795579 Extracting 15MB / 16MB
2025-11-23T18:16:15.263Z INFO  - 94d31f795579 Extracting 15MB / 16MB
2025-11-23T18:16:15.518Z INFO  - 94d31f795579 Extracting 16MB / 16MB
2025-11-23T18:16:16.314Z INFO  - 94d31f795579 Pull complete
2025-11-23T18:16:16.343Z INFO  - 18c70f6ed5b8 Extracting 125B / 125B
2025-11-23T18:16:16.418Z INFO  - 18c70f6ed5b8 Extracting 125B / 125B
2025-11-23T18:16:16.567Z INFO  - 18c70f6ed5b8 Pull complete
2025-11-23T18:16:17.097Z INFO  - fb49480510c1 Extracting 1MB / 6MB
2025-11-23T18:16:17.291Z INFO  - fb49480510c1 Extracting 6MB / 6MB
2025-11-23T18:16:17.668Z INFO  - fb49480510c1 Pull complete
2025-11-23T18:16:17.686Z INFO  - 5cb83091061e Extracting 947B / 947B
2025-11-23T18:16:17.731Z INFO  - 5cb83091061e Extracting 947B / 947B
2025-11-23T18:16:18.405Z INFO  - 5cb83091061e Pull complete
2025-11-23T18:16:18.439Z INFO  - 618cb520b534 Extracting 1KB / 1KB
2025-11-23T18:16:18.486Z INFO  - 618cb520b534 Extracting 1KB / 1KB
2025-11-23T18:16:18.621Z INFO  - 618cb520b534 Pull complete
2025-11-23T18:16:18.648Z INFO  - b387b0839a3c Extracting 138B / 138B
2025-11-23T18:16:18.709Z INFO  - b387b0839a3c Extracting 138B / 138B
2025-11-23T18:16:18.895Z INFO  - b387b0839a3c Pull complete
2025-11-23T18:16:19.066Z INFO  - befb3b667a4a Extracting 544KB / 67MB
2025-11-23T18:16:19.177Z INFO  - befb3b667a4a Extracting 3MB / 67MB
2025-11-23T18:16:20.045Z INFO  - befb3b667a4a Extracting 9MB / 67MB
2025-11-23T18:16:20.160Z INFO  - befb3b667a4a Extracting 11MB / 67MB
2025-11-23T18:16:20.468Z INFO  - befb3b667a4a Extracting 12MB / 67MB
2025-11-23T18:16:20.740Z INFO  - befb3b667a4a Extracting 12MB / 67MB
2025-11-23T18:16:20.870Z INFO  - befb3b667a4a Extracting 13MB / 67MB
2025-11-23T18:16:21.233Z INFO  - befb3b667a4a Extracting 14MB / 67MB
2025-11-23T18:16:21.428Z INFO  - befb3b667a4a Extracting 15MB / 67MB
2025-11-23T18:16:21.808Z INFO  - befb3b667a4a Extracting 16MB / 67MB
2025-11-23T18:16:21.914Z INFO  - befb3b667a4a Extracting 18MB / 67MB
2025-11-23T18:16:22.019Z INFO  - befb3b667a4a Extracting 19MB / 67MB
2025-11-23T18:16:22.317Z INFO  - befb3b667a4a Extracting 23MB / 67MB
2025-11-23T18:16:22.976Z INFO  - befb3b667a4a Extracting 28MB / 67MB
2025-11-23T18:16:23.406Z INFO  - befb3b667a4a Extracting 32MB / 67MB
2025-11-23T18:16:24.142Z INFO  - befb3b667a4a Extracting 34MB / 67MB
2025-11-23T18:16:24.898Z INFO  - befb3b667a4a Extracting 37MB / 67MB
2025-11-23T18:16:25.229Z INFO  - befb3b667a4a Extracting 39MB / 67MB
2025-11-23T18:16:25.549Z INFO  - befb3b667a4a Extracting 40MB / 67MB
2025-11-23T18:16:25.748Z INFO  - befb3b667a4a Extracting 40MB / 67MB
2025-11-23T18:16:26.047Z INFO  - befb3b667a4a Extracting 41MB / 67MB
2025-11-23T18:16:26.165Z INFO  - befb3b667a4a Extracting 43MB / 67MB
2025-11-23T18:16:26.487Z INFO  - befb3b667a4a Extracting 44MB / 67MB
2025-11-23T18:16:26.869Z INFO  - befb3b667a4a Extracting 46MB / 67MB
2025-11-23T18:16:27.234Z INFO  - befb3b667a4a Extracting 49MB / 67MB
2025-11-23T18:16:27.913Z INFO  - befb3b667a4a Extracting 51MB / 67MB
2025-11-23T18:16:28.060Z INFO  - befb3b667a4a Extracting 52MB / 67MB
2025-11-23T18:16:28.165Z INFO  - befb3b667a4a Extracting 55MB / 67MB
2025-11-23T18:16:28.649Z INFO  - befb3b667a4a Extracting 57MB / 67MB
2025-11-23T18:16:29.259Z INFO  - befb3b667a4a Extracting 62MB / 67MB
2025-11-23T18:16:29.359Z INFO  - befb3b667a4a Extracting 65MB / 67MB
2025-11-23T18:16:29.697Z INFO  - befb3b667a4a Extracting 67MB / 67MB
2025-11-23T18:16:30.107Z INFO  - befb3b667a4a Pull complete
2025-11-23T18:16:30.149Z INFO  - c98fb0ee9c52 Extracting 1KB / 1KB
2025-11-23T18:16:30.191Z INFO  - c98fb0ee9c52 Extracting 1KB / 1KB
2025-11-23T18:16:30.397Z INFO  - c98fb0ee9c52 Pull complete
2025-11-23T18:16:30.420Z INFO  - fed34a6cff95 Extracting 1KB / 1KB
2025-11-23T18:16:30.470Z INFO  - fed34a6cff95 Extracting 1KB / 1KB
2025-11-23T18:16:30.602Z INFO  - fed34a6cff95 Pull complete
2025-11-23T18:16:30.655Z INFO  - 52ac776e496e Extracting 3KB / 3KB
2025-11-23T18:16:30.699Z INFO  - 52ac776e496e Extracting 3KB / 3KB
2025-11-23T18:16:30.832Z INFO  - 52ac776e496e Pull complete
2025-11-23T18:16:30.858Z INFO  - ed277ae6cc1b Extracting 152B / 152B
2025-11-23T18:16:30.912Z INFO  - ed277ae6cc1b Extracting 152B / 152B
2025-11-23T18:16:31.585Z INFO  - ed277ae6cc1b Pull complete
2025-11-23T18:16:31.606Z INFO  - f00d066ab48f Extracting 13KB / 13KB
2025-11-23T18:16:31.657Z INFO  - f00d066ab48f Extracting 13KB / 13KB
2025-11-23T18:16:31.761Z INFO  - f00d066ab48f Pull complete
2025-11-23T18:16:31.798Z INFO  - 84db54845b1f Extracting 1KB / 1KB
2025-11-23T18:16:31.872Z INFO  - 84db54845b1f Extracting 1KB / 1KB
2025-11-23T18:16:32.016Z INFO  - 84db54845b1f Pull complete
2025-11-23T18:16:32.054Z INFO  - 209af07e1fed Extracting 270B / 270B
2025-11-23T18:16:32.105Z INFO  - 209af07e1fed Extracting 270B / 270B
2025-11-23T18:16:32.265Z INFO  - 209af07e1fed Pull complete
2025-11-23T18:16:32.290Z INFO  - f359ae97a578 Extracting 269B / 269B
2025-11-23T18:16:32.331Z INFO  - f359ae97a578 Extracting 269B / 269B
2025-11-23T18:16:32.680Z INFO  - f359ae97a578 Pull complete
2025-11-23T18:16:33.222Z INFO  - 12ae792aadc1 Extracting 124B / 124B
2025-11-23T18:16:33.273Z INFO  - 12ae792aadc1 Extracting 124B / 124B
2025-11-23T18:16:33.461Z INFO  - 12ae792aadc1 Pull complete
2025-11-23T18:16:33.489Z INFO  - 101f3a4877dc Extracting 418B / 418B
2025-11-23T18:16:33.518Z INFO  - 101f3a4877dc Extracting 418B / 418B
2025-11-23T18:16:33.751Z INFO  - 101f3a4877dc Pull complete
2025-11-23T18:16:33.770Z INFO  - 49304a106933 Extracting 1KB / 1KB
2025-11-23T18:16:33.812Z INFO  - 49304a106933 Extracting 1KB / 1KB
2025-11-23T18:16:34.414Z INFO  - 49304a106933 Pull complete
2025-11-23T18:16:34.651Z INFO  - c59bd29a4737 Extracting 160KB / 1MB
2025-11-23T18:16:34.757Z INFO  - c59bd29a4737 Extracting 256KB / 1MB
2025-11-23T18:16:34.968Z INFO  - c59bd29a4737 Extracting 608KB / 1MB
2025-11-23T18:16:35.070Z INFO  - c59bd29a4737 Extracting 960KB / 1MB
2025-11-23T18:16:35.195Z INFO  - c59bd29a4737 Extracting 992KB / 1MB
2025-11-23T18:16:35.344Z INFO  - c59bd29a4737 Extracting 1MB / 1MB
2025-11-23T18:16:35.421Z INFO  - c59bd29a4737 Extracting 1MB / 1MB
2025-11-23T18:16:37.666Z INFO  - c59bd29a4737 Pull complete
2025-11-23T18:16:37.726Z INFO  - 6f0a6c0887e0 Extracting 132B / 132B
2025-11-23T18:16:37.767Z INFO  - 6f0a6c0887e0 Extracting 132B / 132B
2025-11-23T18:16:37.928Z INFO  - 6f0a6c0887e0 Pull complete
2025-11-23T18:16:38.513Z INFO  -  Digest: sha256:e0997c95f1dee01363c7fad47ae2355d088a5ce7ad3c46dc9f1f6cafbadc54a0
2025-11-23T18:16:38.541Z INFO  -  Status: Downloaded newer image for 10.1.0.4:13209/appsvc/node:20-lts_20251016.4.tuxprod
2025-11-23T18:16:38.639Z INFO  - Pull Image successful, Time taken: 82 Seconds
2025-11-23T18:16:40.905Z INFO  - Starting container for site
2025-11-23T18:16:40.905Z INFO  - docker run -d --expose=8080 --name chai-social-cash-app_0_5e71d5e8 -e WEBSITE_USE_DIAGNOSTIC_SERVER=true -e WEBSITE_SITE_NAME=chai-social-cash-app -e WEBSITE_AUTH_ENABLED=False -e WEBSITE_ROLE_INSTANCE_ID=0 -e WEBSITE_HOSTNAME=chai-social-cash-app.azurewebsites.net -e WEBSITE_INSTANCE_ID=870d616759e74713524da24210e88870fbcc76bc99b00f44c089fc8ca08f9724 appsvc/node:20-lts_20251016.4.tuxprod 
2025-11-23T18:16:40.905Z INFO  - Logging is not enabled for this container.
Please use https://aka.ms/linux-diagnostics to enable logging to see container logs here.
2025-11-23T18:16:45.841Z INFO  - Initiating warmup request to container chai-social-cash-app_0_5e71d5e8 for site chai-social-cash-app
2025-11-23T18:17:03.487Z INFO  - Waiting for response to warmup request for container chai-social-cash-app_0_5e71d5e8. Elapsed time = 17.6502577 sec
2025-11-23T18:17:23.018Z INFO  - Waiting for response to warmup request for container chai-social-cash-app_0_5e71d5e8. Elapsed time = 37.1813759 sec
2025-11-23T18:17:44.659Z INFO  - Waiting for response to warmup request for container chai-social-cash-app_0_5e71d5e8. Elapsed time = 58.8225382 sec
2025-11-23T18:18:06.583Z INFO  - Waiting for response to warmup request for container chai-social-cash-app_0_5e71d5e8. Elapsed time = 80.7463613 sec
2025-11-23T18:18:25.554Z INFO  - Waiting for response to warmup request for container chai-social-cash-app_0_5e71d5e8. Elapsed time = 99.7179356 sec
2025-11-23T18:18:44.118Z INFO  - Waiting for response to warmup request for container chai-social-cash-app_0_5e71d5e8. Elapsed time = 118.2819656 sec
2025-11-23T18:19:02.678Z INFO  - Waiting for response to warmup request for container chai-social-cash-app_0_5e71d5e8. Elapsed time = 136.8411665 sec
2025-11-23T18:19:19.693Z ERROR - Container chai-social-cash-app_0_5e71d5e8 for site chai-social-cash-app has exited, failing site start
2025-11-23T18:19:19.736Z ERROR - Container chai-social-cash-app_0_5e71d5e8 didn't respond to HTTP pings on port: 8080. Failing site start. See container logs for debugging.
2025-11-23T18:19:19.847Z INFO  - Stopping site chai-social-cash-app because it failed during startup.
2025-11-23T18:19:28.663Z INFO  - Starting container for site
2025-11-23T18:19:28.664Z INFO  - docker run -d --expose=8080 --name chai-social-cash-app_0_69be1dac -e WEBSITE_USE_DIAGNOSTIC_SERVER=true -e WEBSITE_SITE_NAME=chai-social-cash-app -e WEBSITE_AUTH_ENABLED=False -e WEBSITE_ROLE_INSTANCE_ID=0 -e WEBSITE_HOSTNAME=chai-social-cash-app.azurewebsites.net -e WEBSITE_INSTANCE_ID=870d616759e74713524da24210e88870fbcc76bc99b00f44c089fc8ca08f9724 appsvc/node:20-lts_20251016.4.tuxprod 
2025-11-23T18:19:28.665Z INFO  - Logging is not enabled for this container.
Please use https://aka.ms/linux-diagnostics to enable logging to see container logs here.
2025-11-23T18:19:49.647Z INFO  - Initiating warmup request to container chai-social-cash-app_0_69be1dac for site chai-social-cash-app
2025-11-23T18:20:05.531Z INFO  - Waiting for response to warmup request for container chai-social-cash-app_0_69be1dac. Elapsed time = 15.884053 sec
2025-11-23T18:20:20.967Z INFO  - Waiting for response to warmup request for container chai-social-cash-app_0_69be1dac. Elapsed time = 31.3200216 sec
2025-11-23T18:20:38.610Z ERROR - Container chai-social-cash-app_0_69be1dac for site chai-social-cash-app has exited, failing site start
2025-11-23T18:20:38.690Z ERROR - Container chai-social-cash-app_0_69be1dac didn't respond to HTTP pings on port: 8080. Failing site start. See container logs for debugging.
2025-11-23T18:20:38.704Z INFO  - Stopping site chai-social-cash-app because it failed during startup.
2025-11-23T18:20:52.4907936Z Container start method called.
2025-11-23T18:20:52.4909942Z Establishing network.
2025-11-23T18:20:52.4917465Z Pulling image: appsvc/node:20-lts_20251016.4.tuxprod.
2025-11-23T18:21:20.1252005Z Image appsvc/node:20-lts_20251016.4.tuxprod is pulled from registry 10.1.0.4:13209
2025-11-23T18:21:20.2001997Z Container is starting.
2025-11-23T18:21:20.2014970Z Establishing user namespace if not established already.
2025-11-23T18:21:20.2016527Z Establishing network if not established already.
2025-11-23T18:21:20.2017868Z Mounting volumes.
2025-11-23T18:21:20.2039354Z Nested mountpoint 
2025-11-23T18:21:20.2132337Z Nested mountpoint volatile/logs
2025-11-23T18:21:20.2205327Z Nested mountpoint 
2025-11-23T18:21:20.2499089Z Nested mountpoint 
2025-11-23T18:21:20.2515483Z Nested mountpoint 
2025-11-23T18:21:21.8579698Z Creating container.
2025-11-23T18:21:21.8580931Z Creating pipes for streaming container io.
2025-11-23T18:21:21.8581890Z Creating stdout named pipe at /podr/container/pipe/ec7bce333a2c_chai-social-cash-app/stdout_418f71da2f9c4381bdd34488fdfc224e.
2025-11-23T18:21:21.8633603Z Successfully created stdout named pipe at: /podr/container/pipe/ec7bce333a2c_chai-social-cash-app/stdout_418f71da2f9c4381bdd34488fdfc224e.
2025-11-23T18:21:21.8635299Z Opening named pipe /podr/container/pipe/ec7bce333a2c_chai-social-cash-app/stdout_418f71da2f9c4381bdd34488fdfc224e for reading in non-blocking mode.
2025-11-23T18:21:21.8638196Z Successfully opened named pipe: /podr/container/pipe/ec7bce333a2c_chai-social-cash-app/stdout_418f71da2f9c4381bdd34488fdfc224e.
2025-11-23T18:21:21.8639747Z Successfully removed non-blocking flag from /podr/container/pipe/ec7bce333a2c_chai-social-cash-app/stdout_418f71da2f9c4381bdd34488fdfc224e.
2025-11-23T18:21:21.8641892Z Creating stderr named pipe at /podr/container/pipe/ec7bce333a2c_chai-social-cash-app/stderr_7189fb0b2b3d4cc084b9db938b9b0d08.
2025-11-23T18:21:21.8644366Z Successfully created stderr named pipe at: /podr/container/pipe/ec7bce333a2c_chai-social-cash-app/stderr_7189fb0b2b3d4cc084b9db938b9b0d08.
2025-11-23T18:21:21.8649223Z Opening named pipe /podr/container/pipe/ec7bce333a2c_chai-social-cash-app/stderr_7189fb0b2b3d4cc084b9db938b9b0d08 for reading in non-blocking mode.
2025-11-23T18:21:21.8650846Z Successfully opened named pipe: /podr/container/pipe/ec7bce333a2c_chai-social-cash-app/stderr_7189fb0b2b3d4cc084b9db938b9b0d08.
2025-11-23T18:21:21.8658612Z Successfully removed non-blocking flag from /podr/container/pipe/ec7bce333a2c_chai-social-cash-app/stderr_7189fb0b2b3d4cc084b9db938b9b0d08.
2025-11-23T18:21:21.8822482Z Creating container with image: appsvc/node:20-lts_20251016.4.tuxprod from registry: 10.1.0.4:13209 and fully qualified image name: 10.1.0.4:13209/appsvc/node:20-lts_20251016.4.tuxprod
2025-11-23T18:21:23.1204160Z Starting container: ec7bce333a2c_chai-social-cash-app.
2025-11-23T18:21:23.1680542Z Starting watchers and probes.
2025-11-23T18:21:23.1718418Z Starting metrics collection.
2025-11-23T18:21:23.1755161Z Container is running.
2025-11-23T18:21:23.2340671Z Container start method finished after 30742 ms.
2025-11-23T18:21:53.6338876Z Container has finished running with exit code: 1.
2025-11-23T18:21:53.6345132Z Container is terminating. Grace period: 5 seconds.
2025-11-23T18:21:53.6352125Z Stop and delete container. Retry count = 0
2025-11-23T18:21:53.6353268Z Stopping container: ec7bce333a2c_chai-social-cash-app.
2025-11-23T18:21:53.6929180Z Deleting container: ec7bce333a2c_chai-social-cash-app. Retry count = 0
2025-11-23T18:21:54.9882264Z Container spec TerminationMessagePolicy  path 
2025-11-23T18:21:54.9886830Z Container is terminated. Total time elapsed: 1353 ms.
2025-11-23T18:21:54.9888180Z Site container: chai-social-cash-app terminated during site startup.
2025-11-23T18:21:54.9963906Z Site startup probe failed after 31.7211287 seconds.
2025-11-23T18:21:55.1742854Z Failed to start site. Revert by stopping site.
2025-11-23T18:21:55.1774484Z Site: chai-social-cash-app stopped.
2025-11-23T18:21:58.492Z INFO  - Starting container for site
2025-11-23T18:21:58.497Z INFO  - docker run -d --expose=8080 --name chai-social-cash-app_0_95038fdb -e WEBSITE_USE_DIAGNOSTIC_SERVER=true -e WEBSITE_SITE_NAME=chai-social-cash-app -e WEBSITE_AUTH_ENABLED=False -e WEBSITE_ROLE_INSTANCE_ID=0 -e WEBSITE_HOSTNAME=chai-social-cash-app.azurewebsites.net -e WEBSITE_INSTANCE_ID=870d616759e74713524da24210e88870fbcc76bc99b00f44c089fc8ca08f9724 appsvc/node:20-lts_20251016.4.tuxprod 
2025-11-23T18:21:58.498Z INFO  - Logging is not enabled for this container.
Please use https://aka.ms/linux-diagnostics to enable logging to see container logs here.
2025-11-23T18:22:05.032Z INFO  - Initiating warmup request to container chai-social-cash-app_0_95038fdb for site chai-social-cash-app
2025-11-23T18:22:25.874Z INFO  - Waiting for response to warmup request for container chai-social-cash-app_0_95038fdb. Elapsed time = 20.8421112 sec
2025-11-23T18:22:48.640Z INFO  - Waiting for response to warmup request for container chai-social-cash-app_0_95038fdb. Elapsed time = 43.607786 sec
2025-11-23T18:23:08.217Z INFO  - Waiting for response to warmup request for container chai-social-cash-app_0_95038fdb. Elapsed time = 63.1845603 sec
2025-11-23T18:23:28.164Z INFO  - Waiting for response to warmup request for container chai-social-cash-app_0_95038fdb. Elapsed time = 83.0988106 sec
2025-11-23T18:23:45.409Z INFO  - Waiting for response to warmup request for container chai-social-cash-app_0_95038fdb. Elapsed time = 100.3774144 sec
2025-11-23T18:24:02.489Z INFO  - Waiting for response to warmup request for container chai-social-cash-app_0_95038fdb. Elapsed time = 117.4565505 sec
2025-11-23T18:24:02.590Z ERROR - Container chai-social-cash-app_0_95038fdb for site chai-social-cash-app has exited, failing site start
2025-11-23T18:24:02.606Z ERROR - Container chai-social-cash-app_0_95038fdb didn't respond to HTTP pings on port: 8080. Failing site start. See container logs for debugging.
2025-11-23T18:24:02.628Z INFO  - Stopping site chai-social-cash-app because it failed during startup.
2025-11-23T18:24:13.755Z INFO  - Starting container for site
2025-11-23T18:24:13.758Z INFO  - docker run -d --expose=8080 --name chai-social-cash-app_0_4b7310bd -e WEBSITE_USE_DIAGNOSTIC_SERVER=true -e WEBSITE_SITE_NAME=chai-social-cash-app -e WEBSITE_AUTH_ENABLED=False -e WEBSITE_ROLE_INSTANCE_ID=0 -e WEBSITE_HOSTNAME=chai-social-cash-app.azurewebsites.net -e WEBSITE_INSTANCE_ID=870d616759e74713524da24210e88870fbcc76bc99b00f44c089fc8ca08f9724 appsvc/node:20-lts_20251016.4.tuxprod 
2025-11-23T18:24:13.759Z INFO  - Logging is not enabled for this container.
Please use https://aka.ms/linux-diagnostics to enable logging to see container logs here.
2025-11-23T18:24:16.046Z INFO  - Initiating warmup request to container chai-social-cash-app_0_4b7310bd for site chai-social-cash-app
2025-11-23T18:24:32.918Z INFO  - Waiting for response to warmup request for container chai-social-cash-app_0_4b7310bd. Elapsed time = 16.8439967 sec
2025-11-23T18:24:38.004Z ERROR - Container chai-social-cash-app_0_4b7310bd for site chai-social-cash-app has exited, failing site start
2025-11-23T18:24:38.035Z ERROR - Container chai-social-cash-app_0_4b7310bd didn't respond to HTTP pings on port: 8080. Failing site start. See container logs for debugging.
2025-11-23T18:24:38.106Z INFO  - Stopping site chai-social-cash-app because it failed during startup.
2025-11-23T18:29:17.157Z INFO  - Starting container for site
2025-11-23T18:29:17.159Z INFO  - docker run -d --expose=8080 --name chai-social-cash-app_0_e0c17522 -e WEBSITE_USE_DIAGNOSTIC_SERVER=true -e WEBSITE_SITE_NAME=chai-social-cash-app -e WEBSITE_AUTH_ENABLED=False -e WEBSITE_ROLE_INSTANCE_ID=0 -e WEBSITE_HOSTNAME=chai-social-cash-app.azurewebsites.net -e WEBSITE_INSTANCE_ID=870d616759e74713524da24210e88870fbcc76bc99b00f44c089fc8ca08f9724 appsvc/node:20-lts_20251016.4.tuxprod 
2025-11-23T18:29:17.160Z INFO  - Logging is not enabled for this container.
Please use https://aka.ms/linux-diagnostics to enable logging to see container logs here.
2025-11-23T18:29:19.711Z INFO  - Initiating warmup request to container chai-social-cash-app_0_e0c17522 for site chai-social-cash-app
2025-11-23T18:29:36.985Z ERROR - Container chai-social-cash-app_0_e0c17522 for site chai-social-cash-app has exited, failing site start
2025-11-23T18:29:37.004Z ERROR - Container chai-social-cash-app_0_e0c17522 didn't respond to HTTP pings on port: 8080. Failing site start. See container logs for debugging.
2025-11-23T18:29:37.038Z INFO  - Stopping site chai-social-cash-app because it failed during startup.
2025-11-23T18:33:27.603Z INFO  - Starting container for site
2025-11-23T18:33:27.608Z INFO  - docker run -d --expose=8080 --name chai-social-cash-app_0_d026760b -e WEBSITE_USE_DIAGNOSTIC_SERVER=true -e WEBSITE_SITE_NAME=chai-social-cash-app -e WEBSITE_AUTH_ENABLED=False -e WEBSITE_ROLE_INSTANCE_ID=0 -e WEBSITE_HOSTNAME=chai-social-cash-app.azurewebsites.net -e WEBSITE_INSTANCE_ID=870d616759e74713524da24210e88870fbcc76bc99b00f44c089fc8ca08f9724 appsvc/node:20-lts_20251016.4.tuxprod 
2025-11-23T18:33:27.612Z INFO  - Logging is not enabled for this container.
Please use https://aka.ms/linux-diagnostics to enable logging to see container logs here.
2025-11-23T18:33:30.519Z INFO  - Initiating warmup request to container chai-social-cash-app_0_d026760b for site chai-social-cash-app
2025-11-23T18:33:41.767Z ERROR - Container chai-social-cash-app_0_d026760b for site chai-social-cash-app has exited, failing site start
2025-11-23T18:33:41.787Z ERROR - Container chai-social-cash-app_0_d026760b didn't respond to HTTP pings on port: 8080. Failing site start. See container logs for debugging.
2025-11-23T18:33:41.815Z INFO  - Stopping site chai-social-cash-app because it failed during startup.
